2023-05-08 22:51:44,580, TDH_pressure.py - [INFO] - -------------------TDH_pressuresensor.py-----------------
2023-05-08 22:52:00,000, TDH_pressure.py - [INFO] - starting burst
2023-05-08 22:53:15,454, TDH_pressure.py - [INFO] - -------------------TDH_pressuresensor.py-----------------
2023-05-08 22:54:00,000, TDH_pressure.py - [INFO] - starting burst
2023-05-08 22:54:00,000, TDH_pressure.py - [INFO] - file name: /home/pi/PressureSensor//pressureSensorData_08May2023
2023-05-08 22:54:00,000, TDH_pressure.py - [INFO] - open file for writing: /home/pi/PressureSensor//pressureSensorData_08May2023
2023-05-08 22:54:00,066, TDH_pressure.py - [INFO] - end burst
2023-05-08 22:54:00,066, TDH_pressure.py - [INFO] - Pressure Sample 1
2023-05-08 22:54:00,131, TDH_pressure.py - [INFO] - end burst
2023-05-08 22:54:00,131, TDH_pressure.py - [INFO] - Pressure Sample 2
2023-05-08 22:54:00,197, TDH_pressure.py - [INFO] - end burst
2023-05-08 22:54:00,197, TDH_pressure.py - [INFO] - Pressure Sample 3
2023-05-08 22:54:00,262, TDH_pressure.py - [INFO] - end burst
2023-05-08 22:54:00,262, TDH_pressure.py - [INFO] - Pressure Sample 4
2023-05-08 22:54:00,328, TDH_pressure.py - [INFO] - end burst
2023-05-08 22:54:00,328, TDH_pressure.py - [INFO] - Pressure Sample 5
2023-05-08 22:54:00,393, TDH_pressure.py - [INFO] - end burst
2023-05-08 22:54:00,393, TDH_pressure.py - [INFO] - Pressure Sample 6
2023-05-08 22:54:00,459, TDH_pressure.py - [INFO] - end burst
2023-05-08 22:54:00,459, TDH_pressure.py - [INFO] - Pressure Sample 7
2023-05-08 22:54:00,524, TDH_pressure.py - [INFO] - end burst
2023-05-08 22:54:00,524, TDH_pressure.py - [INFO] - Pressure Sample 8
2023-05-08 22:54:00,589, TDH_pressure.py - [INFO] - end burst
2023-05-08 22:54:00,590, TDH_pressure.py - [INFO] - Pressure Sample 9
2023-05-08 22:54:00,655, TDH_pressure.py - [INFO] - end burst
2023-05-08 22:54:00,655, TDH_pressure.py - [INFO] - Pressure Sample 10
2023-05-08 22:54:00,720, TDH_pressure.py - [INFO] - end burst
2023-05-08 22:54:00,721, TDH_pressure.py - [INFO] - Pressure Sample 11
2023-05-08 22:54:00,786, TDH_pressure.py - [INFO] - end burst
2023-05-08 22:54:00,786, TDH_pressure.py - [INFO] - Pressure Sample 12
2023-05-08 22:54:00,852, TDH_pressure.py - [INFO] - end burst
2023-05-08 22:54:00,852, TDH_pressure.py - [INFO] - Pressure Sample 13
2023-05-08 22:54:00,918, TDH_pressure.py - [INFO] - end burst
2023-05-08 22:54:00,918, TDH_pressure.py - [INFO] - Pressure Sample 14
2023-05-08 22:54:00,984, TDH_pressure.py - [INFO] - end burst
2023-05-08 22:54:00,984, TDH_pressure.py - [INFO] - Pressure Sample 15
2023-05-08 22:54:01,049, TDH_pressure.py - [INFO] - end burst
2023-05-08 22:54:01,050, TDH_pressure.py - [INFO] - Pressure Sample 16
2023-05-08 22:54:01,116, TDH_pressure.py - [INFO] - end burst
2023-05-08 22:54:01,116, TDH_pressure.py - [INFO] - Pressure Sample 17
2023-05-08 22:54:01,182, TDH_pressure.py - [INFO] - end burst
2023-05-08 22:54:01,182, TDH_pressure.py - [INFO] - Pressure Sample 18
2023-05-08 22:54:01,248, TDH_pressure.py - [INFO] - end burst
2023-05-08 22:54:01,248, TDH_pressure.py - [INFO] - Pressure Sample 19
2023-05-08 22:54:01,314, TDH_pressure.py - [INFO] - end burst
2023-05-08 22:54:01,314, TDH_pressure.py - [INFO] - Pressure Sample 20
2023-05-08 22:54:01,379, TDH_pressure.py - [INFO] - end burst
2023-05-08 22:54:01,380, TDH_pressure.py - [INFO] - Pressure Sample 21
2023-05-08 22:54:01,445, TDH_pressure.py - [INFO] - end burst
2023-05-08 22:54:01,446, TDH_pressure.py - [INFO] - Pressure Sample 22
2023-05-08 22:54:01,511, TDH_pressure.py - [INFO] - end burst
2023-05-08 22:54:01,512, TDH_pressure.py - [INFO] - Pressure Sample 23
2023-05-08 22:54:01,577, TDH_pressure.py - [INFO] - end burst
2023-05-08 22:54:01,578, TDH_pressure.py - [INFO] - Pressure Sample 24
2023-05-08 22:54:01,643, TDH_pressure.py - [INFO] - end burst
2023-05-08 22:54:01,644, TDH_pressure.py - [INFO] - Pressure Sample 25
2023-05-08 22:54:01,709, TDH_pressure.py - [INFO] - end burst
2023-05-08 22:54:01,710, TDH_pressure.py - [INFO] - Pressure Sample 26
2023-05-08 22:54:01,775, TDH_pressure.py - [INFO] - end burst
2023-05-08 22:54:01,776, TDH_pressure.py - [INFO] - Pressure Sample 27
2023-05-08 22:54:01,841, TDH_pressure.py - [INFO] - end burst
2023-05-08 22:54:01,842, TDH_pressure.py - [INFO] - Pressure Sample 28
2023-05-08 22:54:01,908, TDH_pressure.py - [INFO] - end burst
2023-05-08 22:54:01,908, TDH_pressure.py - [INFO] - Pressure Sample 29
2023-05-08 22:54:01,974, TDH_pressure.py - [INFO] - end burst
2023-05-08 22:54:01,974, TDH_pressure.py - [INFO] - Pressure Sample 30
2023-05-08 22:54:02,040, TDH_pressure.py - [INFO] - end burst
2023-05-08 22:54:02,040, TDH_pressure.py - [INFO] - Pressure Sample 31
2023-05-08 22:54:02,106, TDH_pressure.py - [INFO] - end burst
2023-05-08 22:54:02,106, TDH_pressure.py - [INFO] - Pressure Sample 32
2023-05-08 22:54:02,172, TDH_pressure.py - [INFO] - end burst
2023-05-08 22:54:02,172, TDH_pressure.py - [INFO] - Pressure Sample 33
2023-05-08 22:54:02,238, TDH_pressure.py - [INFO] - end burst
2023-05-08 22:54:02,238, TDH_pressure.py - [INFO] - Pressure Sample 34
2023-05-08 22:54:02,304, TDH_pressure.py - [INFO] - end burst
2023-05-08 22:54:02,304, TDH_pressure.py - [INFO] - Pressure Sample 35
2023-05-08 22:54:02,370, TDH_pressure.py - [INFO] - end burst
2023-05-08 22:54:02,370, TDH_pressure.py - [INFO] - Pressure Sample 36
2023-05-08 22:54:02,436, TDH_pressure.py - [INFO] - end burst
2023-05-08 22:54:02,436, TDH_pressure.py - [INFO] - Pressure Sample 37
2023-05-08 22:54:02,502, TDH_pressure.py - [INFO] - end burst
2023-05-08 22:54:02,502, TDH_pressure.py - [INFO] - Pressure Sample 38
2023-05-08 22:54:02,568, TDH_pressure.py - [INFO] - end burst
2023-05-08 22:54:02,568, TDH_pressure.py - [INFO] - Pressure Sample 39
2023-05-08 22:54:02,634, TDH_pressure.py - [INFO] - end burst
2023-05-08 22:54:02,634, TDH_pressure.py - [INFO] - Pressure Sample 40
2023-05-08 22:54:02,700, TDH_pressure.py - [INFO] - end burst
2023-05-08 22:54:02,700, TDH_pressure.py - [INFO] - Pressure Sample 41
2023-05-08 22:54:02,766, TDH_pressure.py - [INFO] - end burst
2023-05-08 22:54:02,766, TDH_pressure.py - [INFO] - Pressure Sample 42
2023-05-08 22:54:02,832, TDH_pressure.py - [INFO] - end burst
2023-05-08 22:54:02,832, TDH_pressure.py - [INFO] - Pressure Sample 43
2023-05-08 22:54:02,898, TDH_pressure.py - [INFO] - end burst
2023-05-08 22:54:02,898, TDH_pressure.py - [INFO] - Pressure Sample 44
2023-05-08 22:54:02,964, TDH_pressure.py - [INFO] - end burst
2023-05-08 22:54:02,964, TDH_pressure.py - [INFO] - Pressure Sample 45
2023-05-08 22:54:03,030, TDH_pressure.py - [INFO] - end burst
2023-05-08 22:54:03,030, TDH_pressure.py - [INFO] - Pressure Sample 46
2023-05-08 22:54:03,096, TDH_pressure.py - [INFO] - end burst
2023-05-08 22:54:03,096, TDH_pressure.py - [INFO] - Pressure Sample 47
2023-05-08 22:54:03,162, TDH_pressure.py - [INFO] - end burst
2023-05-08 22:54:03,162, TDH_pressure.py - [INFO] - Pressure Sample 48
2023-05-08 22:54:03,228, TDH_pressure.py - [INFO] - end burst
2023-05-08 22:54:03,228, TDH_pressure.py - [INFO] - Pressure Sample 49
2023-05-08 22:54:03,294, TDH_pressure.py - [INFO] - end burst
2023-05-08 22:54:03,294, TDH_pressure.py - [INFO] - Pressure Sample 50
2023-05-08 22:54:03,360, TDH_pressure.py - [INFO] - end burst
2023-05-08 22:54:03,360, TDH_pressure.py - [INFO] - Pressure Sample 51
2023-05-08 22:54:03,426, TDH_pressure.py - [INFO] - end burst
2023-05-08 22:54:03,426, TDH_pressure.py - [INFO] - Pressure Sample 52
2023-05-08 22:54:03,492, TDH_pressure.py - [INFO] - end burst
2023-05-08 22:54:03,492, TDH_pressure.py - [INFO] - Pressure Sample 53
2023-05-08 22:54:03,558, TDH_pressure.py - [INFO] - end burst
2023-05-08 22:54:03,558, TDH_pressure.py - [INFO] - Pressure Sample 54
2023-05-08 22:54:03,624, TDH_pressure.py - [INFO] - end burst
2023-05-08 22:54:03,624, TDH_pressure.py - [INFO] - Pressure Sample 55
2023-05-08 22:54:03,690, TDH_pressure.py - [INFO] - end burst
2023-05-08 22:54:03,690, TDH_pressure.py - [INFO] - Pressure Sample 56
2023-05-08 22:54:03,756, TDH_pressure.py - [INFO] - end burst
2023-05-08 22:54:03,756, TDH_pressure.py - [INFO] - Pressure Sample 57
2023-05-08 22:54:03,822, TDH_pressure.py - [INFO] - end burst
2023-05-08 22:54:03,822, TDH_pressure.py - [INFO] - Pressure Sample 58
2023-05-08 22:54:03,888, TDH_pressure.py - [INFO] - end burst
2023-05-08 22:54:03,888, TDH_pressure.py - [INFO] - Pressure Sample 59
2023-05-08 22:54:03,954, TDH_pressure.py - [INFO] - end burst
2023-05-08 22:54:03,954, TDH_pressure.py - [INFO] - Pressure Sample 60
2023-05-08 22:54:04,020, TDH_pressure.py - [INFO] - end burst
2023-05-08 22:54:04,020, TDH_pressure.py - [INFO] - Pressure Sample 61
2023-05-08 22:54:04,086, TDH_pressure.py - [INFO] - end burst
2023-05-08 22:54:04,086, TDH_pressure.py - [INFO] - Pressure Sample 62
2023-05-08 22:54:04,152, TDH_pressure.py - [INFO] - end burst
2023-05-08 22:54:04,152, TDH_pressure.py - [INFO] - Pressure Sample 63
2023-05-08 22:54:04,218, TDH_pressure.py - [INFO] - end burst
2023-05-08 22:54:04,218, TDH_pressure.py - [INFO] - Pressure Sample 64
2023-05-08 22:54:04,284, TDH_pressure.py - [INFO] - end burst
2023-05-08 22:54:04,284, TDH_pressure.py - [INFO] - Pressure Sample 65
2023-05-08 22:54:04,350, TDH_pressure.py - [INFO] - end burst
2023-05-08 22:54:04,350, TDH_pressure.py - [INFO] - Pressure Sample 66
2023-05-08 22:54:04,416, TDH_pressure.py - [INFO] - end burst
2023-05-08 22:54:04,416, TDH_pressure.py - [INFO] - Pressure Sample 67
2023-05-08 22:54:04,482, TDH_pressure.py - [INFO] - end burst
2023-05-08 22:54:04,482, TDH_pressure.py - [INFO] - Pressure Sample 68
2023-05-08 22:54:04,548, TDH_pressure.py - [INFO] - end burst
2023-05-08 22:54:04,548, TDH_pressure.py - [INFO] - Pressure Sample 69
2023-05-08 22:54:04,614, TDH_pressure.py - [INFO] - end burst
2023-05-08 22:54:04,614, TDH_pressure.py - [INFO] - Pressure Sample 70
2023-05-08 22:54:04,680, TDH_pressure.py - [INFO] - end burst
2023-05-08 22:54:04,680, TDH_pressure.py - [INFO] - Pressure Sample 71
2023-05-08 22:54:04,746, TDH_pressure.py - [INFO] - end burst
2023-05-08 22:54:04,746, TDH_pressure.py - [INFO] - Pressure Sample 72
2023-05-08 22:54:04,812, TDH_pressure.py - [INFO] - end burst
2023-05-08 22:54:04,812, TDH_pressure.py - [INFO] - Pressure Sample 73
2023-05-08 22:54:04,878, TDH_pressure.py - [INFO] - end burst
2023-05-08 22:54:04,878, TDH_pressure.py - [INFO] - Pressure Sample 74
2023-05-08 22:54:04,944, TDH_pressure.py - [INFO] - end burst
2023-05-08 22:54:04,944, TDH_pressure.py - [INFO] - Pressure Sample 75
2023-05-08 22:54:05,010, TDH_pressure.py - [INFO] - end burst
2023-05-08 22:54:05,010, TDH_pressure.py - [INFO] - Pressure Sample 76
2023-05-08 22:54:05,076, TDH_pressure.py - [INFO] - end burst
2023-05-08 22:54:05,076, TDH_pressure.py - [INFO] - Pressure Sample 77
2023-05-08 22:54:05,142, TDH_pressure.py - [INFO] - end burst
2023-05-08 22:54:05,142, TDH_pressure.py - [INFO] - Pressure Sample 78
2023-05-08 22:54:05,210, TDH_pressure.py - [INFO] - end burst
2023-05-08 22:54:05,210, TDH_pressure.py - [INFO] - Pressure Sample 79
2023-05-08 22:54:05,276, TDH_pressure.py - [INFO] - end burst
2023-05-08 22:54:05,276, TDH_pressure.py - [INFO] - Pressure Sample 80
2023-05-08 22:54:05,341, TDH_pressure.py - [INFO] - end burst
2023-05-08 22:54:05,342, TDH_pressure.py - [INFO] - Pressure Sample 81
2023-05-08 22:54:05,407, TDH_pressure.py - [INFO] - end burst
2023-05-08 22:54:05,408, TDH_pressure.py - [INFO] - Pressure Sample 82
2023-05-08 22:54:05,473, TDH_pressure.py - [INFO] - end burst
2023-05-08 22:54:05,474, TDH_pressure.py - [INFO] - Pressure Sample 83
2023-05-08 22:54:05,539, TDH_pressure.py - [INFO] - end burst
2023-05-08 22:54:05,540, TDH_pressure.py - [INFO] - Pressure Sample 84
2023-05-08 22:54:05,605, TDH_pressure.py - [INFO] - end burst
2023-05-08 22:54:05,606, TDH_pressure.py - [INFO] - Pressure Sample 85
2023-05-08 22:54:05,671, TDH_pressure.py - [INFO] - end burst
2023-05-08 22:54:05,672, TDH_pressure.py - [INFO] - Pressure Sample 86
2023-05-08 22:54:05,737, TDH_pressure.py - [INFO] - end burst
2023-05-08 22:54:05,738, TDH_pressure.py - [INFO] - Pressure Sample 87
2023-05-08 22:54:05,803, TDH_pressure.py - [INFO] - end burst
2023-05-08 22:54:05,803, TDH_pressure.py - [INFO] - Pressure Sample 88
2023-05-08 22:54:05,869, TDH_pressure.py - [INFO] - end burst
2023-05-08 22:54:05,869, TDH_pressure.py - [INFO] - Pressure Sample 89
2023-05-08 22:54:05,935, TDH_pressure.py - [INFO] - end burst
2023-05-08 22:54:05,935, TDH_pressure.py - [INFO] - Pressure Sample 90
2023-05-08 22:54:06,001, TDH_pressure.py - [INFO] - end burst
2023-05-08 22:54:06,001, TDH_pressure.py - [INFO] - Pressure Sample 91
2023-05-08 22:54:06,067, TDH_pressure.py - [INFO] - end burst
2023-05-08 22:54:06,067, TDH_pressure.py - [INFO] - Pressure Sample 92
2023-05-08 22:54:06,133, TDH_pressure.py - [INFO] - end burst
2023-05-08 22:54:06,133, TDH_pressure.py - [INFO] - Pressure Sample 93
2023-05-08 22:54:06,199, TDH_pressure.py - [INFO] - end burst
2023-05-08 22:54:06,199, TDH_pressure.py - [INFO] - Pressure Sample 94
2023-05-08 22:54:06,265, TDH_pressure.py - [INFO] - end burst
2023-05-08 22:54:06,265, TDH_pressure.py - [INFO] - Pressure Sample 95
2023-05-08 22:54:06,331, TDH_pressure.py - [INFO] - end burst
2023-05-08 22:54:06,331, TDH_pressure.py - [INFO] - Pressure Sample 96
2023-05-08 22:54:06,397, TDH_pressure.py - [INFO] - end burst
2023-05-08 22:54:06,397, TDH_pressure.py - [INFO] - Pressure Sample 97
2023-05-08 22:54:06,463, TDH_pressure.py - [INFO] - end burst
2023-05-08 22:54:06,463, TDH_pressure.py - [INFO] - Pressure Sample 98
2023-05-08 22:54:06,529, TDH_pressure.py - [INFO] - end burst
2023-05-08 22:54:06,529, TDH_pressure.py - [INFO] - Pressure Sample 99
2023-05-08 22:54:06,594, TDH_pressure.py - [INFO] - end burst
2023-05-08 22:54:06,595, TDH_pressure.py - [INFO] - Pressure Sample 100
2023-05-08 22:54:06,661, TDH_pressure.py - [INFO] - end burst
2023-05-08 22:54:06,661, TDH_pressure.py - [INFO] - Pressure Sample 101
2023-05-08 22:54:06,727, TDH_pressure.py - [INFO] - end burst
2023-05-08 22:54:06,727, TDH_pressure.py - [INFO] - Pressure Sample 102
2023-05-08 22:54:06,792, TDH_pressure.py - [INFO] - end burst
2023-05-08 22:54:06,793, TDH_pressure.py - [INFO] - Pressure Sample 103
2023-05-08 22:54:06,859, TDH_pressure.py - [INFO] - end burst
2023-05-08 22:54:06,859, TDH_pressure.py - [INFO] - Pressure Sample 104
2023-05-08 22:54:06,925, TDH_pressure.py - [INFO] - end burst
2023-05-08 22:54:06,925, TDH_pressure.py - [INFO] - Pressure Sample 105
2023-05-08 22:54:06,990, TDH_pressure.py - [INFO] - end burst
2023-05-08 22:54:06,991, TDH_pressure.py - [INFO] - Pressure Sample 106
2023-05-08 22:54:07,056, TDH_pressure.py - [INFO] - end burst
2023-05-08 22:54:07,057, TDH_pressure.py - [INFO] - Pressure Sample 107
2023-05-08 22:54:07,123, TDH_pressure.py - [INFO] - end burst
2023-05-08 22:54:07,123, TDH_pressure.py - [INFO] - Pressure Sample 108
2023-05-08 22:54:07,189, TDH_pressure.py - [INFO] - end burst
2023-05-08 22:54:07,189, TDH_pressure.py - [INFO] - Pressure Sample 109
2023-05-08 22:54:07,255, TDH_pressure.py - [INFO] - end burst
2023-05-08 22:54:07,255, TDH_pressure.py - [INFO] - Pressure Sample 110
2023-05-08 22:54:07,321, TDH_pressure.py - [INFO] - end burst
2023-05-08 22:54:07,321, TDH_pressure.py - [INFO] - Pressure Sample 111
2023-05-08 22:54:07,387, TDH_pressure.py - [INFO] - end burst
2023-05-08 22:54:07,387, TDH_pressure.py - [INFO] - Pressure Sample 112
2023-05-08 22:54:07,453, TDH_pressure.py - [INFO] - end burst
2023-05-08 22:54:07,453, TDH_pressure.py - [INFO] - Pressure Sample 113
2023-05-08 22:54:07,519, TDH_pressure.py - [INFO] - end burst
2023-05-08 22:54:07,519, TDH_pressure.py - [INFO] - Pressure Sample 114
2023-05-08 22:54:07,584, TDH_pressure.py - [INFO] - end burst
2023-05-08 22:54:07,585, TDH_pressure.py - [INFO] - Pressure Sample 115
2023-05-08 22:54:07,650, TDH_pressure.py - [INFO] - end burst
2023-05-08 22:54:07,650, TDH_pressure.py - [INFO] - Pressure Sample 116
2023-05-08 22:54:07,715, TDH_pressure.py - [INFO] - end burst
2023-05-08 22:54:07,716, TDH_pressure.py - [INFO] - Pressure Sample 117
2023-05-08 22:54:07,781, TDH_pressure.py - [INFO] - end burst
2023-05-08 22:54:07,781, TDH_pressure.py - [INFO] - Pressure Sample 118
2023-05-08 22:54:07,846, TDH_pressure.py - [INFO] - end burst
2023-05-08 22:54:07,847, TDH_pressure.py - [INFO] - Pressure Sample 119
2023-05-08 22:54:07,912, TDH_pressure.py - [INFO] - end burst
2023-05-08 22:54:07,912, TDH_pressure.py - [INFO] - Pressure Sample 120
2023-05-08 22:54:07,977, TDH_pressure.py - [INFO] - end burst
2023-05-08 22:54:07,978, TDH_pressure.py - [INFO] - Pressure Sample 121
2023-05-08 22:54:08,043, TDH_pressure.py - [INFO] - end burst
2023-05-08 22:54:08,043, TDH_pressure.py - [INFO] - Pressure Sample 122
2023-05-08 22:54:08,108, TDH_pressure.py - [INFO] - end burst
2023-05-08 22:54:08,109, TDH_pressure.py - [INFO] - Pressure Sample 123
2023-05-08 22:54:08,174, TDH_pressure.py - [INFO] - end burst
2023-05-08 22:54:08,174, TDH_pressure.py - [INFO] - Pressure Sample 124
2023-05-08 22:54:08,240, TDH_pressure.py - [INFO] - end burst
2023-05-08 22:54:08,240, TDH_pressure.py - [INFO] - Pressure Sample 125
2023-05-08 22:54:08,306, TDH_pressure.py - [INFO] - end burst
2023-05-08 22:54:08,306, TDH_pressure.py - [INFO] - Pressure Sample 126
2023-05-08 22:54:08,372, TDH_pressure.py - [INFO] - end burst
2023-05-08 22:54:08,372, TDH_pressure.py - [INFO] - Pressure Sample 127
2023-05-08 22:54:08,438, TDH_pressure.py - [INFO] - end burst
2023-05-08 22:54:08,438, TDH_pressure.py - [INFO] - Pressure Sample 128
2023-05-08 22:54:08,504, TDH_pressure.py - [INFO] - end burst
2023-05-08 22:54:08,504, TDH_pressure.py - [INFO] - Pressure Sample 129
2023-05-08 22:54:08,570, TDH_pressure.py - [INFO] - end burst
2023-05-08 22:54:08,570, TDH_pressure.py - [INFO] - Pressure Sample 130
2023-05-08 22:54:08,636, TDH_pressure.py - [INFO] - end burst
2023-05-08 22:54:08,636, TDH_pressure.py - [INFO] - Pressure Sample 131
2023-05-08 22:54:08,702, TDH_pressure.py - [INFO] - end burst
2023-05-08 22:54:08,702, TDH_pressure.py - [INFO] - Pressure Sample 132
2023-05-08 22:54:08,768, TDH_pressure.py - [INFO] - end burst
2023-05-08 22:54:08,768, TDH_pressure.py - [INFO] - Pressure Sample 133
2023-05-08 22:54:08,834, TDH_pressure.py - [INFO] - end burst
2023-05-08 22:54:08,834, TDH_pressure.py - [INFO] - Pressure Sample 134
2023-05-08 22:54:08,900, TDH_pressure.py - [INFO] - end burst
2023-05-08 22:54:08,900, TDH_pressure.py - [INFO] - Pressure Sample 135
2023-05-08 22:54:08,966, TDH_pressure.py - [INFO] - end burst
2023-05-08 22:54:08,966, TDH_pressure.py - [INFO] - Pressure Sample 136
2023-05-08 22:54:09,032, TDH_pressure.py - [INFO] - end burst
2023-05-08 22:54:09,032, TDH_pressure.py - [INFO] - Pressure Sample 137
2023-05-08 22:54:09,098, TDH_pressure.py - [INFO] - end burst
2023-05-08 22:54:09,098, TDH_pressure.py - [INFO] - Pressure Sample 138
2023-05-08 22:54:09,164, TDH_pressure.py - [INFO] - end burst
2023-05-08 22:54:09,165, TDH_pressure.py - [INFO] - Pressure Sample 139
2023-05-08 22:54:09,230, TDH_pressure.py - [INFO] - end burst
2023-05-08 22:54:09,231, TDH_pressure.py - [INFO] - Pressure Sample 140
2023-05-08 22:54:09,296, TDH_pressure.py - [INFO] - end burst
2023-05-08 22:54:09,297, TDH_pressure.py - [INFO] - Pressure Sample 141
2023-05-08 22:54:09,362, TDH_pressure.py - [INFO] - end burst
2023-05-08 22:54:09,363, TDH_pressure.py - [INFO] - Pressure Sample 142
2023-05-08 22:54:09,428, TDH_pressure.py - [INFO] - end burst
2023-05-08 22:54:09,429, TDH_pressure.py - [INFO] - Pressure Sample 143
2023-05-08 22:54:09,494, TDH_pressure.py - [INFO] - end burst
2023-05-08 22:54:09,495, TDH_pressure.py - [INFO] - Pressure Sample 144
2023-05-08 22:54:09,560, TDH_pressure.py - [INFO] - end burst
2023-05-08 22:54:09,561, TDH_pressure.py - [INFO] - Pressure Sample 145
2023-05-08 22:54:09,626, TDH_pressure.py - [INFO] - end burst
2023-05-08 22:54:09,627, TDH_pressure.py - [INFO] - Pressure Sample 146
2023-05-08 22:54:09,693, TDH_pressure.py - [INFO] - end burst
2023-05-08 22:54:09,693, TDH_pressure.py - [INFO] - Pressure Sample 147
2023-05-08 22:54:09,759, TDH_pressure.py - [INFO] - end burst
2023-05-08 22:54:09,759, TDH_pressure.py - [INFO] - Pressure Sample 148
2023-05-08 22:54:09,825, TDH_pressure.py - [INFO] - end burst
2023-05-08 22:54:09,825, TDH_pressure.py - [INFO] - Pressure Sample 149
2023-05-08 22:54:09,891, TDH_pressure.py - [INFO] - end burst
2023-05-08 22:54:09,891, TDH_pressure.py - [INFO] - Pressure Sample 150
2023-05-08 22:54:09,957, TDH_pressure.py - [INFO] - end burst
2023-05-08 22:54:09,957, TDH_pressure.py - [INFO] - Pressure Sample 151
2023-05-08 22:54:10,023, TDH_pressure.py - [INFO] - end burst
2023-05-08 22:54:10,023, TDH_pressure.py - [INFO] - Pressure Sample 152
2023-05-08 22:54:10,089, TDH_pressure.py - [INFO] - end burst
2023-05-08 22:54:10,089, TDH_pressure.py - [INFO] - Pressure Sample 153
2023-05-08 22:54:10,155, TDH_pressure.py - [INFO] - end burst
2023-05-08 22:54:10,155, TDH_pressure.py - [INFO] - Pressure Sample 154
2023-05-08 22:54:10,222, TDH_pressure.py - [INFO] - end burst
2023-05-08 22:54:10,223, TDH_pressure.py - [INFO] - Pressure Sample 155
2023-05-08 22:54:10,288, TDH_pressure.py - [INFO] - end burst
2023-05-08 22:54:10,289, TDH_pressure.py - [INFO] - Pressure Sample 156
2023-05-08 22:54:10,354, TDH_pressure.py - [INFO] - end burst
2023-05-08 22:54:10,354, TDH_pressure.py - [INFO] - Pressure Sample 157
2023-05-08 22:54:10,420, TDH_pressure.py - [INFO] - end burst
2023-05-08 22:54:10,420, TDH_pressure.py - [INFO] - Pressure Sample 158
2023-05-08 22:54:10,486, TDH_pressure.py - [INFO] - end burst
2023-05-08 22:54:10,486, TDH_pressure.py - [INFO] - Pressure Sample 159
2023-05-08 22:54:10,552, TDH_pressure.py - [INFO] - end burst
2023-05-08 22:54:10,552, TDH_pressure.py - [INFO] - Pressure Sample 160
2023-05-08 22:54:10,618, TDH_pressure.py - [INFO] - end burst
2023-05-08 22:54:10,618, TDH_pressure.py - [INFO] - Pressure Sample 161
2023-05-08 22:54:10,684, TDH_pressure.py - [INFO] - end burst
2023-05-08 22:54:10,684, TDH_pressure.py - [INFO] - Pressure Sample 162
2023-05-08 22:54:10,750, TDH_pressure.py - [INFO] - end burst
2023-05-08 22:54:10,750, TDH_pressure.py - [INFO] - Pressure Sample 163
2023-05-08 22:54:10,816, TDH_pressure.py - [INFO] - end burst
2023-05-08 22:54:10,816, TDH_pressure.py - [INFO] - Pressure Sample 164
2023-05-08 22:54:10,882, TDH_pressure.py - [INFO] - end burst
2023-05-08 22:54:10,882, TDH_pressure.py - [INFO] - Pressure Sample 165
2023-05-08 22:54:10,948, TDH_pressure.py - [INFO] - end burst
2023-05-08 22:54:10,948, TDH_pressure.py - [INFO] - Pressure Sample 166
2023-05-08 22:54:11,014, TDH_pressure.py - [INFO] - end burst
2023-05-08 22:54:11,014, TDH_pressure.py - [INFO] - Pressure Sample 167
2023-05-08 22:54:11,080, TDH_pressure.py - [INFO] - end burst
2023-05-08 22:54:11,080, TDH_pressure.py - [INFO] - Pressure Sample 168
2023-05-08 22:54:11,146, TDH_pressure.py - [INFO] - end burst
2023-05-08 22:54:11,146, TDH_pressure.py - [INFO] - Pressure Sample 169
2023-05-08 22:54:11,212, TDH_pressure.py - [INFO] - end burst
2023-05-08 22:54:11,212, TDH_pressure.py - [INFO] - Pressure Sample 170
2023-05-08 22:54:11,278, TDH_pressure.py - [INFO] - end burst
2023-05-08 22:54:11,278, TDH_pressure.py - [INFO] - Pressure Sample 171
2023-05-08 22:54:11,343, TDH_pressure.py - [INFO] - end burst
2023-05-08 22:54:11,344, TDH_pressure.py - [INFO] - Pressure Sample 172
2023-05-08 22:54:11,409, TDH_pressure.py - [INFO] - end burst
2023-05-08 22:54:11,410, TDH_pressure.py - [INFO] - Pressure Sample 173
2023-05-08 22:54:11,475, TDH_pressure.py - [INFO] - end burst
2023-05-08 22:54:11,476, TDH_pressure.py - [INFO] - Pressure Sample 174
2023-05-08 22:54:11,541, TDH_pressure.py - [INFO] - end burst
2023-05-08 22:54:11,541, TDH_pressure.py - [INFO] - Pressure Sample 175
2023-05-08 22:54:11,607, TDH_pressure.py - [INFO] - end burst
2023-05-08 22:54:11,607, TDH_pressure.py - [INFO] - Pressure Sample 176
2023-05-08 22:54:11,673, TDH_pressure.py - [INFO] - end burst
2023-05-08 22:54:11,673, TDH_pressure.py - [INFO] - Pressure Sample 177
2023-05-08 22:54:11,739, TDH_pressure.py - [INFO] - end burst
2023-05-08 22:54:11,739, TDH_pressure.py - [INFO] - Pressure Sample 178
2023-05-08 22:54:11,805, TDH_pressure.py - [INFO] - end burst
2023-05-08 22:54:11,806, TDH_pressure.py - [INFO] - Pressure Sample 179
2023-05-08 22:54:11,871, TDH_pressure.py - [INFO] - end burst
2023-05-08 22:54:11,871, TDH_pressure.py - [INFO] - Pressure Sample 180
2023-05-08 22:54:11,937, TDH_pressure.py - [INFO] - end burst
2023-05-08 22:54:11,937, TDH_pressure.py - [INFO] - Pressure Sample 181
2023-05-08 22:54:12,003, TDH_pressure.py - [INFO] - end burst
2023-05-08 22:54:12,003, TDH_pressure.py - [INFO] - Pressure Sample 182
2023-05-08 22:54:12,069, TDH_pressure.py - [INFO] - end burst
2023-05-08 22:54:12,069, TDH_pressure.py - [INFO] - Pressure Sample 183
2023-05-08 22:54:12,135, TDH_pressure.py - [INFO] - end burst
2023-05-08 22:54:12,135, TDH_pressure.py - [INFO] - Pressure Sample 184
2023-05-08 22:54:12,201, TDH_pressure.py - [INFO] - end burst
2023-05-08 22:54:12,201, TDH_pressure.py - [INFO] - Pressure Sample 185
2023-05-08 22:54:12,267, TDH_pressure.py - [INFO] - end burst
2023-05-08 22:54:12,267, TDH_pressure.py - [INFO] - Pressure Sample 186
2023-05-08 22:54:12,333, TDH_pressure.py - [INFO] - end burst
2023-05-08 22:54:12,333, TDH_pressure.py - [INFO] - Pressure Sample 187
2023-05-08 22:54:12,399, TDH_pressure.py - [INFO] - end burst
2023-05-08 22:54:12,399, TDH_pressure.py - [INFO] - Pressure Sample 188
2023-05-08 22:54:12,465, TDH_pressure.py - [INFO] - end burst
2023-05-08 22:54:12,465, TDH_pressure.py - [INFO] - Pressure Sample 189
2023-05-08 22:54:12,531, TDH_pressure.py - [INFO] - end burst
2023-05-08 22:54:12,531, TDH_pressure.py - [INFO] - Pressure Sample 190
2023-05-08 22:54:12,597, TDH_pressure.py - [INFO] - end burst
2023-05-08 22:54:12,597, TDH_pressure.py - [INFO] - Pressure Sample 191
2023-05-08 22:54:12,663, TDH_pressure.py - [INFO] - end burst
2023-05-08 22:54:12,663, TDH_pressure.py - [INFO] - Pressure Sample 192
2023-05-08 22:54:12,729, TDH_pressure.py - [INFO] - end burst
2023-05-08 22:54:12,729, TDH_pressure.py - [INFO] - Pressure Sample 193
2023-05-08 22:54:12,795, TDH_pressure.py - [INFO] - end burst
2023-05-08 22:54:12,795, TDH_pressure.py - [INFO] - Pressure Sample 194
2023-05-08 22:54:12,861, TDH_pressure.py - [INFO] - end burst
2023-05-08 22:54:12,861, TDH_pressure.py - [INFO] - Pressure Sample 195
2023-05-08 22:54:12,927, TDH_pressure.py - [INFO] - end burst
2023-05-08 22:54:12,927, TDH_pressure.py - [INFO] - Pressure Sample 196
2023-05-08 22:54:12,992, TDH_pressure.py - [INFO] - end burst
2023-05-08 22:54:12,993, TDH_pressure.py - [INFO] - Pressure Sample 197
2023-05-08 22:54:13,058, TDH_pressure.py - [INFO] - end burst
2023-05-08 22:54:13,059, TDH_pressure.py - [INFO] - Pressure Sample 198
2023-05-08 22:54:13,124, TDH_pressure.py - [INFO] - end burst
2023-05-08 22:54:13,125, TDH_pressure.py - [INFO] - Pressure Sample 199
2023-05-08 22:54:13,190, TDH_pressure.py - [INFO] - end burst
2023-05-08 22:54:13,191, TDH_pressure.py - [INFO] - Pressure Sample 200
2023-05-08 22:54:13,256, TDH_pressure.py - [INFO] - end burst
2023-05-08 22:54:13,257, TDH_pressure.py - [INFO] - Pressure Sample 201
2023-05-08 22:54:13,322, TDH_pressure.py - [INFO] - end burst
2023-05-08 22:54:13,323, TDH_pressure.py - [INFO] - Pressure Sample 202
2023-05-08 22:54:13,388, TDH_pressure.py - [INFO] - end burst
2023-05-08 22:54:13,389, TDH_pressure.py - [INFO] - Pressure Sample 203
2023-05-08 22:54:13,454, TDH_pressure.py - [INFO] - end burst
2023-05-08 22:54:13,455, TDH_pressure.py - [INFO] - Pressure Sample 204
2023-05-08 22:54:13,520, TDH_pressure.py - [INFO] - end burst
2023-05-08 22:54:13,520, TDH_pressure.py - [INFO] - Pressure Sample 205
2023-05-08 22:54:13,586, TDH_pressure.py - [INFO] - end burst
2023-05-08 22:54:13,587, TDH_pressure.py - [INFO] - Pressure Sample 206
2023-05-08 22:54:13,652, TDH_pressure.py - [INFO] - end burst
2023-05-08 22:54:13,653, TDH_pressure.py - [INFO] - Pressure Sample 207
2023-05-08 22:54:13,718, TDH_pressure.py - [INFO] - end burst
2023-05-08 22:54:13,719, TDH_pressure.py - [INFO] - Pressure Sample 208
2023-05-08 22:54:13,784, TDH_pressure.py - [INFO] - end burst
2023-05-08 22:54:13,785, TDH_pressure.py - [INFO] - Pressure Sample 209
2023-05-08 22:54:13,850, TDH_pressure.py - [INFO] - end burst
2023-05-08 22:54:13,851, TDH_pressure.py - [INFO] - Pressure Sample 210
2023-05-08 22:54:13,916, TDH_pressure.py - [INFO] - end burst
2023-05-08 22:54:13,917, TDH_pressure.py - [INFO] - Pressure Sample 211
2023-05-08 22:54:13,982, TDH_pressure.py - [INFO] - end burst
2023-05-08 22:54:13,982, TDH_pressure.py - [INFO] - Pressure Sample 212
2023-05-08 22:54:14,048, TDH_pressure.py - [INFO] - end burst
2023-05-08 22:54:14,048, TDH_pressure.py - [INFO] - Pressure Sample 213
2023-05-08 22:54:14,114, TDH_pressure.py - [INFO] - end burst
2023-05-08 22:54:14,114, TDH_pressure.py - [INFO] - Pressure Sample 214
2023-05-08 22:54:14,180, TDH_pressure.py - [INFO] - end burst
2023-05-08 22:54:14,181, TDH_pressure.py - [INFO] - Pressure Sample 215
2023-05-08 22:54:14,246, TDH_pressure.py - [INFO] - end burst
2023-05-08 22:54:14,247, TDH_pressure.py - [INFO] - Pressure Sample 216
2023-05-08 22:54:14,312, TDH_pressure.py - [INFO] - end burst
2023-05-08 22:54:14,313, TDH_pressure.py - [INFO] - Pressure Sample 217
2023-05-08 22:54:14,378, TDH_pressure.py - [INFO] - end burst
2023-05-08 22:54:14,379, TDH_pressure.py - [INFO] - Pressure Sample 218
2023-05-08 22:54:14,444, TDH_pressure.py - [INFO] - end burst
2023-05-08 22:54:14,445, TDH_pressure.py - [INFO] - Pressure Sample 219
2023-05-08 22:54:14,510, TDH_pressure.py - [INFO] - end burst
2023-05-08 22:54:14,511, TDH_pressure.py - [INFO] - Pressure Sample 220
2023-05-08 22:54:14,576, TDH_pressure.py - [INFO] - end burst
2023-05-08 22:54:14,576, TDH_pressure.py - [INFO] - Pressure Sample 221
2023-05-08 22:54:14,642, TDH_pressure.py - [INFO] - end burst
2023-05-08 22:54:14,643, TDH_pressure.py - [INFO] - Pressure Sample 222
2023-05-08 22:54:14,708, TDH_pressure.py - [INFO] - end burst
2023-05-08 22:54:14,709, TDH_pressure.py - [INFO] - Pressure Sample 223
2023-05-08 22:54:14,774, TDH_pressure.py - [INFO] - end burst
2023-05-08 22:54:14,775, TDH_pressure.py - [INFO] - Pressure Sample 224
2023-05-08 22:54:14,840, TDH_pressure.py - [INFO] - end burst
2023-05-08 22:54:14,841, TDH_pressure.py - [INFO] - Pressure Sample 225
2023-05-08 22:54:14,906, TDH_pressure.py - [INFO] - end burst
2023-05-08 22:54:14,907, TDH_pressure.py - [INFO] - Pressure Sample 226
2023-05-08 22:54:14,972, TDH_pressure.py - [INFO] - end burst
2023-05-08 22:54:14,973, TDH_pressure.py - [INFO] - Pressure Sample 227
2023-05-08 22:54:15,038, TDH_pressure.py - [INFO] - end burst
2023-05-08 22:54:15,039, TDH_pressure.py - [INFO] - Pressure Sample 228
2023-05-08 22:54:15,104, TDH_pressure.py - [INFO] - end burst
2023-05-08 22:54:15,105, TDH_pressure.py - [INFO] - Pressure Sample 229
2023-05-08 22:54:15,170, TDH_pressure.py - [INFO] - end burst
2023-05-08 22:54:15,172, TDH_pressure.py - [INFO] - Pressure Sample 230
2023-05-08 22:54:15,238, TDH_pressure.py - [INFO] - end burst
2023-05-08 22:54:15,238, TDH_pressure.py - [INFO] - Pressure Sample 231
2023-05-08 22:54:15,304, TDH_pressure.py - [INFO] - end burst
2023-05-08 22:54:15,304, TDH_pressure.py - [INFO] - Pressure Sample 232
2023-05-08 22:54:15,370, TDH_pressure.py - [INFO] - end burst
2023-05-08 22:54:15,370, TDH_pressure.py - [INFO] - Pressure Sample 233
2023-05-08 22:54:15,436, TDH_pressure.py - [INFO] - end burst
2023-05-08 22:54:15,436, TDH_pressure.py - [INFO] - Pressure Sample 234
2023-05-08 22:54:15,502, TDH_pressure.py - [INFO] - end burst
2023-05-08 22:54:15,502, TDH_pressure.py - [INFO] - Pressure Sample 235
2023-05-08 22:54:15,568, TDH_pressure.py - [INFO] - end burst
2023-05-08 22:54:15,568, TDH_pressure.py - [INFO] - Pressure Sample 236
2023-05-08 22:54:15,634, TDH_pressure.py - [INFO] - end burst
2023-05-08 22:54:15,634, TDH_pressure.py - [INFO] - Pressure Sample 237
2023-05-08 22:54:15,700, TDH_pressure.py - [INFO] - end burst
2023-05-08 22:54:15,700, TDH_pressure.py - [INFO] - Pressure Sample 238
2023-05-08 22:54:15,766, TDH_pressure.py - [INFO] - end burst
2023-05-08 22:54:15,766, TDH_pressure.py - [INFO] - Pressure Sample 239
2023-05-08 22:54:15,832, TDH_pressure.py - [INFO] - end burst
2023-05-08 22:54:15,832, TDH_pressure.py - [INFO] - Pressure Sample 240
2023-05-08 22:54:15,898, TDH_pressure.py - [INFO] - end burst
2023-05-08 22:54:15,898, TDH_pressure.py - [INFO] - Pressure Sample 241
2023-05-08 22:54:15,964, TDH_pressure.py - [INFO] - end burst
2023-05-08 22:54:15,964, TDH_pressure.py - [INFO] - Pressure Sample 242
2023-05-08 22:54:16,030, TDH_pressure.py - [INFO] - end burst
2023-05-08 22:54:16,030, TDH_pressure.py - [INFO] - Pressure Sample 243
2023-05-08 22:54:16,096, TDH_pressure.py - [INFO] - end burst
2023-05-08 22:54:16,096, TDH_pressure.py - [INFO] - Pressure Sample 244
2023-05-08 22:54:16,162, TDH_pressure.py - [INFO] - end burst
2023-05-08 22:54:16,162, TDH_pressure.py - [INFO] - Pressure Sample 245
2023-05-08 22:54:16,228, TDH_pressure.py - [INFO] - end burst
2023-05-08 22:54:16,228, TDH_pressure.py - [INFO] - Pressure Sample 246
2023-05-08 22:54:16,294, TDH_pressure.py - [INFO] - end burst
2023-05-08 22:54:16,294, TDH_pressure.py - [INFO] - Pressure Sample 247
2023-05-08 22:54:16,360, TDH_pressure.py - [INFO] - end burst
2023-05-08 22:54:16,360, TDH_pressure.py - [INFO] - Pressure Sample 248
2023-05-08 22:54:16,426, TDH_pressure.py - [INFO] - end burst
2023-05-08 22:54:16,426, TDH_pressure.py - [INFO] - Pressure Sample 249
2023-05-08 22:54:16,492, TDH_pressure.py - [INFO] - end burst
2023-05-08 22:54:16,492, TDH_pressure.py - [INFO] - Pressure Sample 250
2023-05-08 22:54:16,558, TDH_pressure.py - [INFO] - end burst
2023-05-08 22:54:16,558, TDH_pressure.py - [INFO] - Pressure Sample 251
2023-05-08 22:54:16,624, TDH_pressure.py - [INFO] - end burst
2023-05-08 22:54:16,624, TDH_pressure.py - [INFO] - Pressure Sample 252
2023-05-08 22:54:16,690, TDH_pressure.py - [INFO] - end burst
2023-05-08 22:54:16,690, TDH_pressure.py - [INFO] - Pressure Sample 253
2023-05-08 22:54:16,756, TDH_pressure.py - [INFO] - end burst
2023-05-08 22:54:16,756, TDH_pressure.py - [INFO] - Pressure Sample 254
2023-05-08 22:54:16,821, TDH_pressure.py - [INFO] - end burst
2023-05-08 22:54:16,822, TDH_pressure.py - [INFO] - Pressure Sample 255
2023-05-08 22:54:16,888, TDH_pressure.py - [INFO] - end burst
2023-05-08 22:54:16,888, TDH_pressure.py - [INFO] - Pressure Sample 256
2023-05-08 22:54:16,954, TDH_pressure.py - [INFO] - end burst
2023-05-08 22:54:16,954, TDH_pressure.py - [INFO] - Pressure Sample 257
2023-05-08 22:54:17,020, TDH_pressure.py - [INFO] - end burst
2023-05-08 22:54:17,020, TDH_pressure.py - [INFO] - Pressure Sample 258
2023-05-08 22:54:17,086, TDH_pressure.py - [INFO] - end burst
2023-05-08 22:54:17,086, TDH_pressure.py - [INFO] - Pressure Sample 259
2023-05-08 22:54:17,152, TDH_pressure.py - [INFO] - end burst
2023-05-08 22:54:17,152, TDH_pressure.py - [INFO] - Pressure Sample 260
2023-05-08 22:54:17,218, TDH_pressure.py - [INFO] - end burst
2023-05-08 22:54:17,218, TDH_pressure.py - [INFO] - Pressure Sample 261
2023-05-08 22:54:17,284, TDH_pressure.py - [INFO] - end burst
2023-05-08 22:54:17,284, TDH_pressure.py - [INFO] - Pressure Sample 262
2023-05-08 22:54:17,350, TDH_pressure.py - [INFO] - end burst
2023-05-08 22:54:17,350, TDH_pressure.py - [INFO] - Pressure Sample 263
2023-05-08 22:54:17,416, TDH_pressure.py - [INFO] - end burst
2023-05-08 22:54:17,416, TDH_pressure.py - [INFO] - Pressure Sample 264
2023-05-08 22:54:17,482, TDH_pressure.py - [INFO] - end burst
2023-05-08 22:54:17,482, TDH_pressure.py - [INFO] - Pressure Sample 265
2023-05-08 22:54:17,547, TDH_pressure.py - [INFO] - end burst
2023-05-08 22:54:17,548, TDH_pressure.py - [INFO] - Pressure Sample 266
2023-05-08 22:54:17,613, TDH_pressure.py - [INFO] - end burst
2023-05-08 22:54:17,614, TDH_pressure.py - [INFO] - Pressure Sample 267
2023-05-08 22:54:17,679, TDH_pressure.py - [INFO] - end burst
2023-05-08 22:54:17,680, TDH_pressure.py - [INFO] - Pressure Sample 268
2023-05-08 22:54:17,745, TDH_pressure.py - [INFO] - end burst
2023-05-08 22:54:17,746, TDH_pressure.py - [INFO] - Pressure Sample 269
2023-05-08 22:54:17,811, TDH_pressure.py - [INFO] - end burst
2023-05-08 22:54:17,812, TDH_pressure.py - [INFO] - Pressure Sample 270
2023-05-08 22:54:17,877, TDH_pressure.py - [INFO] - end burst
2023-05-08 22:54:17,878, TDH_pressure.py - [INFO] - Pressure Sample 271
2023-05-08 22:54:17,943, TDH_pressure.py - [INFO] - end burst
2023-05-08 22:54:17,944, TDH_pressure.py - [INFO] - Pressure Sample 272
2023-05-08 22:54:18,009, TDH_pressure.py - [INFO] - end burst
2023-05-08 22:54:18,010, TDH_pressure.py - [INFO] - Pressure Sample 273
2023-05-08 22:54:18,075, TDH_pressure.py - [INFO] - end burst
2023-05-08 22:54:18,076, TDH_pressure.py - [INFO] - Pressure Sample 274
2023-05-08 22:54:18,141, TDH_pressure.py - [INFO] - end burst
2023-05-08 22:54:18,142, TDH_pressure.py - [INFO] - Pressure Sample 275
2023-05-08 22:54:18,207, TDH_pressure.py - [INFO] - end burst
2023-05-08 22:54:18,208, TDH_pressure.py - [INFO] - Pressure Sample 276
2023-05-08 22:54:18,273, TDH_pressure.py - [INFO] - end burst
2023-05-08 22:54:18,274, TDH_pressure.py - [INFO] - Pressure Sample 277
2023-05-08 22:54:18,339, TDH_pressure.py - [INFO] - end burst
2023-05-08 22:54:18,340, TDH_pressure.py - [INFO] - Pressure Sample 278
2023-05-08 22:54:18,405, TDH_pressure.py - [INFO] - end burst
2023-05-08 22:54:18,406, TDH_pressure.py - [INFO] - Pressure Sample 279
2023-05-08 22:54:18,471, TDH_pressure.py - [INFO] - end burst
2023-05-08 22:54:18,472, TDH_pressure.py - [INFO] - Pressure Sample 280
2023-05-08 22:54:18,537, TDH_pressure.py - [INFO] - end burst
2023-05-08 22:54:18,537, TDH_pressure.py - [INFO] - Pressure Sample 281
2023-05-08 22:54:18,603, TDH_pressure.py - [INFO] - end burst
2023-05-08 22:54:18,603, TDH_pressure.py - [INFO] - Pressure Sample 282
2023-05-08 22:54:18,669, TDH_pressure.py - [INFO] - end burst
2023-05-08 22:54:18,669, TDH_pressure.py - [INFO] - Pressure Sample 283
2023-05-08 22:54:18,735, TDH_pressure.py - [INFO] - end burst
2023-05-08 22:54:18,735, TDH_pressure.py - [INFO] - Pressure Sample 284
2023-05-08 22:54:18,801, TDH_pressure.py - [INFO] - end burst
2023-05-08 22:54:18,801, TDH_pressure.py - [INFO] - Pressure Sample 285
2023-05-08 22:54:18,867, TDH_pressure.py - [INFO] - end burst
2023-05-08 22:54:18,867, TDH_pressure.py - [INFO] - Pressure Sample 286
2023-05-08 22:54:18,933, TDH_pressure.py - [INFO] - end burst
2023-05-08 22:54:18,933, TDH_pressure.py - [INFO] - Pressure Sample 287
2023-05-08 22:54:18,999, TDH_pressure.py - [INFO] - end burst
2023-05-08 22:54:18,999, TDH_pressure.py - [INFO] - Pressure Sample 288
2023-05-08 22:54:19,065, TDH_pressure.py - [INFO] - end burst
2023-05-08 22:54:19,065, TDH_pressure.py - [INFO] - Pressure Sample 289
2023-05-08 22:54:19,131, TDH_pressure.py - [INFO] - end burst
2023-05-08 22:54:19,131, TDH_pressure.py - [INFO] - Pressure Sample 290
2023-05-08 22:54:19,197, TDH_pressure.py - [INFO] - end burst
2023-05-08 22:54:19,197, TDH_pressure.py - [INFO] - Pressure Sample 291
2023-05-08 22:54:19,263, TDH_pressure.py - [INFO] - end burst
2023-05-08 22:54:19,263, TDH_pressure.py - [INFO] - Pressure Sample 292
2023-05-08 22:54:19,329, TDH_pressure.py - [INFO] - end burst
2023-05-08 22:54:19,329, TDH_pressure.py - [INFO] - Pressure Sample 293
2023-05-08 22:54:19,395, TDH_pressure.py - [INFO] - end burst
2023-05-08 22:54:19,395, TDH_pressure.py - [INFO] - Pressure Sample 294
2023-05-08 22:54:19,461, TDH_pressure.py - [INFO] - end burst
2023-05-08 22:54:19,461, TDH_pressure.py - [INFO] - Pressure Sample 295
2023-05-08 22:54:19,527, TDH_pressure.py - [INFO] - end burst
2023-05-08 22:54:19,527, TDH_pressure.py - [INFO] - Pressure Sample 296
2023-05-08 22:54:19,592, TDH_pressure.py - [INFO] - end burst
2023-05-08 22:54:19,593, TDH_pressure.py - [INFO] - Pressure Sample 297
2023-05-08 22:54:19,658, TDH_pressure.py - [INFO] - end burst
2023-05-08 22:54:19,659, TDH_pressure.py - [INFO] - Pressure Sample 298
2023-05-08 22:54:19,724, TDH_pressure.py - [INFO] - end burst
2023-05-08 22:54:19,725, TDH_pressure.py - [INFO] - Pressure Sample 299
2023-05-08 22:54:19,790, TDH_pressure.py - [INFO] - end burst
2023-05-08 22:54:19,791, TDH_pressure.py - [INFO] - Pressure Sample 300
2023-05-08 22:54:19,856, TDH_pressure.py - [INFO] - end burst
2023-05-08 22:54:19,857, TDH_pressure.py - [INFO] - Pressure Sample 301
2023-05-08 22:54:19,922, TDH_pressure.py - [INFO] - end burst
2023-05-08 22:54:19,923, TDH_pressure.py - [INFO] - Pressure Sample 302
2023-05-08 22:54:19,989, TDH_pressure.py - [INFO] - end burst
2023-05-08 22:54:19,989, TDH_pressure.py - [INFO] - Pressure Sample 303
2023-05-08 22:54:20,055, TDH_pressure.py - [INFO] - end burst
2023-05-08 22:54:20,055, TDH_pressure.py - [INFO] - Pressure Sample 304
2023-05-08 22:54:20,121, TDH_pressure.py - [INFO] - end burst
2023-05-08 22:54:20,121, TDH_pressure.py - [INFO] - Pressure Sample 305
2023-05-08 22:54:20,187, TDH_pressure.py - [INFO] - end burst
2023-05-08 22:54:20,187, TDH_pressure.py - [INFO] - Pressure Sample 306
2023-05-08 22:54:20,255, TDH_pressure.py - [INFO] - end burst
2023-05-08 22:54:20,255, TDH_pressure.py - [INFO] - Pressure Sample 307
2023-05-08 22:54:20,321, TDH_pressure.py - [INFO] - end burst
2023-05-08 22:54:20,321, TDH_pressure.py - [INFO] - Pressure Sample 308
2023-05-08 22:54:20,387, TDH_pressure.py - [INFO] - end burst
2023-05-08 22:54:20,387, TDH_pressure.py - [INFO] - Pressure Sample 309
2023-05-08 22:54:20,453, TDH_pressure.py - [INFO] - end burst
2023-05-08 22:54:20,453, TDH_pressure.py - [INFO] - Pressure Sample 310
2023-05-08 22:54:20,519, TDH_pressure.py - [INFO] - end burst
2023-05-08 22:54:20,519, TDH_pressure.py - [INFO] - Pressure Sample 311
2023-05-08 22:54:20,585, TDH_pressure.py - [INFO] - end burst
2023-05-08 22:54:20,585, TDH_pressure.py - [INFO] - Pressure Sample 312
2023-05-08 22:54:20,651, TDH_pressure.py - [INFO] - end burst
2023-05-08 22:54:20,651, TDH_pressure.py - [INFO] - Pressure Sample 313
2023-05-08 22:54:20,717, TDH_pressure.py - [INFO] - end burst
2023-05-08 22:54:20,717, TDH_pressure.py - [INFO] - Pressure Sample 314
2023-05-08 22:54:20,783, TDH_pressure.py - [INFO] - end burst
2023-05-08 22:54:20,783, TDH_pressure.py - [INFO] - Pressure Sample 315
2023-05-08 22:54:20,849, TDH_pressure.py - [INFO] - end burst
2023-05-08 22:54:20,849, TDH_pressure.py - [INFO] - Pressure Sample 316
2023-05-08 22:54:20,915, TDH_pressure.py - [INFO] - end burst
2023-05-08 22:54:20,915, TDH_pressure.py - [INFO] - Pressure Sample 317
2023-05-08 22:54:20,980, TDH_pressure.py - [INFO] - end burst
2023-05-08 22:54:20,981, TDH_pressure.py - [INFO] - Pressure Sample 318
2023-05-08 22:54:21,046, TDH_pressure.py - [INFO] - end burst
2023-05-08 22:54:21,047, TDH_pressure.py - [INFO] - Pressure Sample 319
2023-05-08 22:54:21,112, TDH_pressure.py - [INFO] - end burst
2023-05-08 22:54:21,113, TDH_pressure.py - [INFO] - Pressure Sample 320
2023-05-08 22:54:21,178, TDH_pressure.py - [INFO] - end burst
2023-05-08 22:54:21,179, TDH_pressure.py - [INFO] - Pressure Sample 321
2023-05-08 22:54:21,244, TDH_pressure.py - [INFO] - end burst
2023-05-08 22:54:21,245, TDH_pressure.py - [INFO] - Pressure Sample 322
2023-05-08 22:54:21,310, TDH_pressure.py - [INFO] - end burst
2023-05-08 22:54:21,311, TDH_pressure.py - [INFO] - Pressure Sample 323
2023-05-08 22:54:21,376, TDH_pressure.py - [INFO] - end burst
2023-05-08 22:54:21,377, TDH_pressure.py - [INFO] - Pressure Sample 324
2023-05-08 22:54:21,442, TDH_pressure.py - [INFO] - end burst
2023-05-08 22:54:21,443, TDH_pressure.py - [INFO] - Pressure Sample 325
2023-05-08 22:54:21,508, TDH_pressure.py - [INFO] - end burst
2023-05-08 22:54:21,509, TDH_pressure.py - [INFO] - Pressure Sample 326
2023-05-08 22:54:21,574, TDH_pressure.py - [INFO] - end burst
2023-05-08 22:54:21,574, TDH_pressure.py - [INFO] - Pressure Sample 327
2023-05-08 22:54:21,640, TDH_pressure.py - [INFO] - end burst
2023-05-08 22:54:21,641, TDH_pressure.py - [INFO] - Pressure Sample 328
2023-05-08 22:54:21,706, TDH_pressure.py - [INFO] - end burst
2023-05-08 22:54:21,707, TDH_pressure.py - [INFO] - Pressure Sample 329
2023-05-08 22:54:21,772, TDH_pressure.py - [INFO] - end burst
2023-05-08 22:54:21,773, TDH_pressure.py - [INFO] - Pressure Sample 330
2023-05-08 22:54:21,838, TDH_pressure.py - [INFO] - end burst
2023-05-08 22:54:21,839, TDH_pressure.py - [INFO] - Pressure Sample 331
2023-05-08 22:54:21,904, TDH_pressure.py - [INFO] - end burst
2023-05-08 22:54:21,904, TDH_pressure.py - [INFO] - Pressure Sample 332
2023-05-08 22:54:21,970, TDH_pressure.py - [INFO] - end burst
2023-05-08 22:54:21,970, TDH_pressure.py - [INFO] - Pressure Sample 333
2023-05-08 22:54:22,036, TDH_pressure.py - [INFO] - end burst
2023-05-08 22:54:22,036, TDH_pressure.py - [INFO] - Pressure Sample 334
2023-05-08 22:54:22,102, TDH_pressure.py - [INFO] - end burst
2023-05-08 22:54:22,103, TDH_pressure.py - [INFO] - Pressure Sample 335
2023-05-08 22:54:22,168, TDH_pressure.py - [INFO] - end burst
2023-05-08 22:54:22,169, TDH_pressure.py - [INFO] - Pressure Sample 336
2023-05-08 22:54:22,234, TDH_pressure.py - [INFO] - end burst
2023-05-08 22:54:22,235, TDH_pressure.py - [INFO] - Pressure Sample 337
2023-05-08 22:54:22,300, TDH_pressure.py - [INFO] - end burst
2023-05-08 22:54:22,301, TDH_pressure.py - [INFO] - Pressure Sample 338
2023-05-08 22:54:22,366, TDH_pressure.py - [INFO] - end burst
2023-05-08 22:54:22,367, TDH_pressure.py - [INFO] - Pressure Sample 339
2023-05-08 22:54:22,432, TDH_pressure.py - [INFO] - end burst
2023-05-08 22:54:22,433, TDH_pressure.py - [INFO] - Pressure Sample 340
2023-05-08 22:54:22,498, TDH_pressure.py - [INFO] - end burst
2023-05-08 22:54:22,499, TDH_pressure.py - [INFO] - Pressure Sample 341
2023-05-08 22:54:22,564, TDH_pressure.py - [INFO] - end burst
2023-05-08 22:54:22,565, TDH_pressure.py - [INFO] - Pressure Sample 342
2023-05-08 22:54:22,630, TDH_pressure.py - [INFO] - end burst
2023-05-08 22:54:22,631, TDH_pressure.py - [INFO] - Pressure Sample 343
2023-05-08 22:54:22,696, TDH_pressure.py - [INFO] - end burst
2023-05-08 22:54:22,697, TDH_pressure.py - [INFO] - Pressure Sample 344
2023-05-08 22:54:22,762, TDH_pressure.py - [INFO] - end burst
2023-05-08 22:54:22,763, TDH_pressure.py - [INFO] - Pressure Sample 345
2023-05-08 22:54:22,829, TDH_pressure.py - [INFO] - end burst
2023-05-08 22:54:22,829, TDH_pressure.py - [INFO] - Pressure Sample 346
2023-05-08 22:54:22,895, TDH_pressure.py - [INFO] - end burst
2023-05-08 22:54:22,895, TDH_pressure.py - [INFO] - Pressure Sample 347
2023-05-08 22:54:22,961, TDH_pressure.py - [INFO] - end burst
2023-05-08 22:54:22,961, TDH_pressure.py - [INFO] - Pressure Sample 348
2023-05-08 22:54:23,026, TDH_pressure.py - [INFO] - end burst
2023-05-08 22:54:23,027, TDH_pressure.py - [INFO] - Pressure Sample 349
